INFO [06-01|07:20:58.950] Running with private transaction manager disabled - quorum private transactions will not be supported 
INFO [06-01|07:20:58.980] Maximum peer count                       ETH=50 LES=0 total=50
INFO [06-01|07:20:58.980] Smartcard socket not found, disabling    err="stat /run/pcscd/pcscd.comm: no such file or directory"
WARN [06-01|07:20:58.997] Using deprecated resource file /home/osboxes/ITB/PA3/scriptSetupV2/blockChain/Node3/data/nodekey, please move this file to the 'geth' subdirectory of datadir. 
WARN [06-01|07:20:59.000] Found deprecated node list file /home/osboxes/ITB/PA3/scriptSetupV2/blockChain/Node3/data/static-nodes.json, please use the TOML config file instead. 
WARN [06-01|07:20:59.002] Sanitizing cache to Go's GC limits       provided=1024 updated=656
WARN [06-01|07:20:59.011] WARNING: The flag --istanbul.blockperiod is deprecated and will be removed in the future, please use ibft.blockperiodseconds on genesis file 
INFO [06-01|07:20:59.011] Enabling recording of key preimages since archive mode is used 
INFO [06-01|07:20:59.011] Set global gas cap                       cap=25,000,000
INFO [06-01|07:20:59.012] Running with private transaction manager disabled - quorum private transactions will not be supported 
INFO [06-01|07:20:59.012] Allocated trie memory caches             clean=98.00MiB dirty=164.00MiB
INFO [06-01|07:20:59.012] Allocated cache and file handles         database=/home/osboxes/ITB/PA3/scriptSetupV2/blockChain/Node3/data/geth/chaindata cache=328.00MiB handles=524,288
INFO [06-01|07:20:59.146] Opened ancient database                  database=/home/osboxes/ITB/PA3/scriptSetupV2/blockChain/Node3/data/geth/chaindata/ancient readonly=false
INFO [06-01|07:20:59.155] Initialised chain configuration          config="{ChainID: 10 Homestead: 0 DAO: <nil> DAOSupport: false EIP150: 0 EIP155: 0 EIP158: 0 Byzantium: 0 IsQuorum: true Constantinople: 0 TransactionSizeLimit: 64 MaxCodeSize: 0 Petersburg: 0 Istanbul: 0, Muir Glacier: <nil>, Berlin: <nil>  Catalyst: <nil> YOLO v3: <nil> PrivacyEnhancements: <nil> PrivacyPrecompile: <nil> EnableGasPriceBlock: <nil> Engine: istanbul}"
WARN [06-01|07:20:59.168] WARNING: The attribute config.istanbul is deprecated and will be removed in the future, please use config.ibft on genesis file 
INFO [06-01|07:20:59.169] Initialising Ethereum protocol           network=10 dbversion=8
INFO [06-01|07:20:59.169] Initialising Quorum consensus protocol   name=istanbul versions="[100 99 64]" network=10 dbversion=8
INFO [06-01|07:20:59.175] Using SegregatedCacheProvider. 
INFO [06-01|07:20:59.187] Loaded most recent local header          number=477 hash=9b6579..ddb5dc td=478 age=12m38s
INFO [06-01|07:20:59.187] Loaded most recent local full block      number=477 hash=9b6579..ddb5dc td=478 age=12m38s
INFO [06-01|07:20:59.187] Loaded most recent local fast block      number=477 hash=9b6579..ddb5dc td=478 age=12m38s
INFO [06-01|07:21:00.572] Loaded local transaction journal         transactions=0 dropped=0
INFO [06-01|07:21:00.572] Regenerated local transaction journal    transactions=0 accounts=0
WARN [06-01|07:21:00.580] Unclean shutdown detected                booted=2026-06-01T06:27:12-0400 age=53m48s
WARN [06-01|07:21:00.580] permission-config.json file is missing. Smart-contract-based permission service will be disabled error="stat data/permission-config.json: no such file or directory"
INFO [06-01|07:21:00.580] No plugins to initialise 
INFO [06-01|07:21:00.580] Starting peer-to-peer node               instance=Geth/v1.10.3-stable(quorum-v24.4.1)/linux-amd64/go1.22.2
INFO [06-01|07:21:00.829] IPC endpoint opened                      url=/home/osboxes/ITB/PA3/scriptSetupV2/blockChain/Node3/data/geth.ipc isMultitenant=false
INFO [06-01|07:21:00.829] Security Plugin is not enabled 
INFO [06-01|07:21:00.838] New local node record                    seq=7 id=fb88ca2cab9a3a38 ip=127.0.0.1 udp=0 tcp=33003
INFO [06-01|07:21:00.838] Started P2P networking                   self="enode://1739dc6d5c9044cf975d19b1e6848c0a1768a5f9156f66ef0e10dc181551d69cc867fea3744e9569eaa0d209b94b9a7ccfd5457608408b92cecbd4df53e7c5bb@127.0.0.1:33003?discport=0"
INFO [06-01|07:21:00.839] Security: TLS not enabled                endpoint=127.0.0.1:22003 reason="no TLSConfigurationSource found"
INFO [06-01|07:21:00.839] HTTP server started                      endpoint=127.0.0.1:22003 prefix= cors= vhosts=localhost isTls=false
INFO [06-01|07:21:00.848] Transaction pool price threshold not updated as gasPrice is not enabled 
INFO [06-01|07:21:00.848] Transaction pool price threshold not updated as gasPrice is not enabled 
INFO [06-01|07:21:00.848] start IBFT 
INFO [06-01|07:21:00.848] BFT: activate IBFT 
INFO [06-01|07:21:00.853] Commit new mining work                   number=478 sealhash=32aa64..bd9c59 uncles=0 txs=0 gas=0 fees=0 elapsed=4.092ms
WARN [06-01|07:21:00.859] full p2p peer                            id=29468f3c50f56749ac2576dbc9d2a1fefb4ccf5b14e656e545f508bc3ac6e507 ethPeer="Peer 29468f3c50f56749 127.0.0.1:33002"
WARN [06-01|07:21:00.860] full p2p peer                            id=1d7a2ac87acf86282c07bd9ec39ea604c89958e3def600c555c5680558592517 ethPeer="Peer 1d7a2ac87acf8628 127.0.0.1:33000"
WARN [06-01|07:21:00.869] full p2p peer                            id=3656f454b74e16b0bb4bd881be482921f1d0fad58a901f93e3c3c0255a1995fd ethPeer="Peer 3656f454b74e16b0 127.0.0.1:33001"
INFO [06-01|07:21:00.929] BFT: block proposal committed            author=0x1541824BaA353F55D5Bd91c86622F7b7d97Af64c hash=a951ee..34392a number=478
INFO [06-01|07:21:00.930] Successfully sealed new block            number=478 sealhash=32aa64..bd9c59 hash=a951ee..34392a elapsed=80.968ms
INFO [06-01|07:21:00.930] 🔨 mined potential block                  number=478 hash=a951ee..34392a
INFO [06-01|07:21:00.950] Commit new mining work                   number=479 sealhash=d9434f..eb15d5 uncles=0 txs=0 gas=0 fees=0 elapsed=7.358ms
WARN [06-01|07:21:01.070] full p2p peer                            id=6bd585d29649d4372fb61bd5f3bb00b9413bee260dcc04178a4045aac3c692b0 ethPeer="Peer 6bd585d29649d437 127.0.0.1:56108"
WARN [06-01|07:21:02.405] full p2p peer                            id=b0325913b389d0aed3a90863a5d2a45b2dab9e81e33cebe5462d73a236f5d1e5 ethPeer="Peer b0325913b389d0ae 127.0.0.1:40792"
INFO [06-01|07:21:05.076] BFT: block proposal committed            author=0x1541824BaA353F55D5Bd91c86622F7b7d97Af64c hash=18ea7e..942218 number=479
INFO [06-01|07:21:05.123] Imported new chain segment               blocks=1 txs=0 mgas=0.000 elapsed=33.696ms mgasps=0.000 number=479 hash=18ea7e..942218 dirty=0.00B
INFO [06-01|07:21:05.133] Commit new mining work                   number=480 sealhash=1cfdb0..1a3993 uncles=0 txs=0 gas=0 fees=0 elapsed="344.712µs"
INFO [06-01|07:21:05.654] Got interrupt, shutting down... 
INFO [06-01|07:21:05.654] HTTP server stopped                      endpoint=127.0.0.1:22003
INFO [06-01|07:21:05.654] IPC endpoint closed                      url=/home/osboxes/ITB/PA3/scriptSetupV2/blockChain/Node3/data/geth.ipc
INFO [06-01|07:21:05.654] Stopping all plugins                     count=0
INFO [06-01|07:21:05.654] All plugins stopped                      errors=[]
INFO [06-01|07:21:05.658] Ethereum protocol stopped 
INFO [06-01|07:21:05.658] Transaction pool stopped 
INFO [06-01|07:21:05.658] BFT: deactivate 
INFO [06-01|07:21:05.658] Writing cached state to disk             block=479 hash=18ea7e..942218 root=2200d4..828fd6
INFO [06-01|07:21:05.658] Persisted trie from memory database      nodes=0 size=0.00B time="3.511µs" gcnodes=0 gcsize=0.00B gctime=0s livenodes=1 livesize=0.00B
INFO [06-01|07:21:05.658] Writing cached state to disk             block=478 hash=a951ee..34392a root=2200d4..828fd6
INFO [06-01|07:21:05.658] Persisted trie from memory database      nodes=0 size=0.00B time="2.284µs" gcnodes=0 gcsize=0.00B gctime=0s livenodes=1 livesize=0.00B
INFO [06-01|07:21:05.658] Writing cached state to disk             block=352 hash=d373d9..2edf1f root=2200d4..828fd6
INFO [06-01|07:21:05.658] Persisted trie from memory database      nodes=0 size=0.00B time="1.27µs"  gcnodes=0 gcsize=0.00B gctime=0s livenodes=1 livesize=0.00B
INFO [06-01|07:21:05.658] Writing snapshot state to disk           root=2200d4..828fd6
INFO [06-01|07:21:05.658] Persisted trie from memory database      nodes=0 size=0.00B time=973ns     gcnodes=0 gcsize=0.00B gctime=0s livenodes=1 livesize=0.00B
INFO [06-01|07:21:05.658] Writing clean trie cache to disk         path=/home/osboxes/ITB/PA3/scriptSetupV2/blockChain/Node3/data/geth/triecache threads=1
INFO [06-01|07:21:05.685] Persisted the clean trie cache           path=/home/osboxes/ITB/PA3/scriptSetupV2/blockChain/Node3/data/geth/triecache elapsed=27.402ms
INFO [06-01|07:21:05.685] Blockchain stopped 
