INFO [06-01|07:20:58.739] Running with private transaction manager disabled - quorum private transactions will not be supported 
INFO [06-01|07:20:58.809] Maximum peer count                       ETH=50 LES=0 total=50
INFO [06-01|07:20:58.809] Smartcard socket not found, disabling    err="stat /run/pcscd/pcscd.comm: no such file or directory"
WARN [06-01|07:20:58.832] Using deprecated resource file /home/osboxes/ITB/PA3/scriptSetupV2/blockChain/Node0/data/nodekey, please move this file to the 'geth' subdirectory of datadir. 
WARN [06-01|07:20:58.833] Found deprecated node list file /home/osboxes/ITB/PA3/scriptSetupV2/blockChain/Node0/data/static-nodes.json, please use the TOML config file instead. 
WARN [06-01|07:20:58.836] Sanitizing cache to Go's GC limits       provided=1024 updated=656
WARN [06-01|07:20:58.840] WARNING: The flag --istanbul.blockperiod is deprecated and will be removed in the future, please use ibft.blockperiodseconds on genesis file 
INFO [06-01|07:20:58.840] Enabling recording of key preimages since archive mode is used 
INFO [06-01|07:20:58.840] Set global gas cap                       cap=25,000,000
INFO [06-01|07:20:58.840] Running with private transaction manager disabled - quorum private transactions will not be supported 
INFO [06-01|07:20:58.840] Allocated trie memory caches             clean=98.00MiB dirty=164.00MiB
INFO [06-01|07:20:58.840] Allocated cache and file handles         database=/home/osboxes/ITB/PA3/scriptSetupV2/blockChain/Node0/data/geth/chaindata cache=328.00MiB handles=524,288
INFO [06-01|07:20:58.958] Opened ancient database                  database=/home/osboxes/ITB/PA3/scriptSetupV2/blockChain/Node0/data/geth/chaindata/ancient readonly=false
INFO [06-01|07:20:58.975] Initialised chain configuration          config="{ChainID: 10 Homestead: 0 DAO: <nil> DAOSupport: false EIP150: 0 EIP155: 0 EIP158: 0 Byzantium: 0 IsQuorum: true Constantinople: 0 TransactionSizeLimit: 64 MaxCodeSize: 0 Petersburg: 0 Istanbul: 0, Muir Glacier: <nil>, Berlin: <nil>  Catalyst: <nil> YOLO v3: <nil> PrivacyEnhancements: <nil> PrivacyPrecompile: <nil> EnableGasPriceBlock: <nil> Engine: istanbul}"
WARN [06-01|07:20:58.984] WARNING: The attribute config.istanbul is deprecated and will be removed in the future, please use config.ibft on genesis file 
INFO [06-01|07:20:58.984] Initialising Ethereum protocol           network=10 dbversion=8
INFO [06-01|07:20:58.984] Initialising Quorum consensus protocol   name=istanbul versions="[100 99 64]" network=10 dbversion=8
INFO [06-01|07:20:58.994] Using SegregatedCacheProvider. 
INFO [06-01|07:20:59.020] Loaded most recent local header          number=477 hash=9b6579..ddb5dc td=478 age=12m38s
INFO [06-01|07:20:59.020] Loaded most recent local full block      number=477 hash=9b6579..ddb5dc td=478 age=12m38s
INFO [06-01|07:20:59.020] Loaded most recent local fast block      number=477 hash=9b6579..ddb5dc td=478 age=12m38s
INFO [06-01|07:21:00.322] Loaded local transaction journal         transactions=0 dropped=0
INFO [06-01|07:21:00.322] Regenerated local transaction journal    transactions=0 accounts=0
WARN [06-01|07:21:00.367] Unclean shutdown detected                booted=2026-06-01T06:27:12-0400 age=53m48s
WARN [06-01|07:21:00.367] permission-config.json file is missing. Smart-contract-based permission service will be disabled error="stat data/permission-config.json: no such file or directory"
INFO [06-01|07:21:00.367] No plugins to initialise 
INFO [06-01|07:21:00.367] Starting peer-to-peer node               instance=Geth/v1.10.3-stable(quorum-v24.4.1)/linux-amd64/go1.22.2
INFO [06-01|07:21:00.552] New local node record                    seq=7 id=1d7a2ac87acf8628 ip=127.0.0.1 udp=0 tcp=33000
INFO [06-01|07:21:00.552] Started P2P networking                   self="enode://11366fc3141442593d3de4c1266c1e497c14153647f26c3722062f9738c490835ef97bc6a7b00dee165343baacafc57bb69274aba34b6136c5e620fc192514cd@127.0.0.1:33000?discport=0"
INFO [06-01|07:21:00.566] IPC endpoint opened                      url=/home/osboxes/ITB/PA3/scriptSetupV2/blockChain/Node0/data/geth.ipc isMultitenant=false
INFO [06-01|07:21:00.566] Security Plugin is not enabled 
INFO [06-01|07:21:00.602] Security: TLS not enabled                endpoint=127.0.0.1:22000 reason="no TLSConfigurationSource found"
INFO [06-01|07:21:00.602] HTTP server started                      endpoint=127.0.0.1:22000 prefix= cors= vhosts=localhost isTls=false
INFO [06-01|07:21:00.605] Transaction pool price threshold not updated as gasPrice is not enabled 
INFO [06-01|07:21:00.605] Transaction pool price threshold not updated as gasPrice is not enabled 
INFO [06-01|07:21:00.629] start IBFT 
INFO [06-01|07:21:00.629] BFT: activate IBFT 
INFO [06-01|07:21:00.629] Commit new mining work                   number=478 sealhash=32aa64..bd9c59 uncles=0 txs=0 gas=0 fees=0 elapsed="146.861µs"
WARN [06-01|07:21:00.671] full p2p peer                            id=3656f454b74e16b0bb4bd881be482921f1d0fad58a901f93e3c3c0255a1995fd ethPeer="Peer 3656f454b74e16b0 127.0.0.1:33001"
WARN [06-01|07:21:00.687] full p2p peer                            id=29468f3c50f56749ac2576dbc9d2a1fefb4ccf5b14e656e545f508bc3ac6e507 ethPeer="Peer 29468f3c50f56749 127.0.0.1:54722"
WARN [06-01|07:21:00.863] full p2p peer                            id=fb88ca2cab9a3a38c887c3fd1541824baa353f55d5bd91c86622f7b7d97af64c ethPeer="Peer fb88ca2cab9a3a38 127.0.0.1:54730"
INFO [06-01|07:21:00.942] BFT: block proposal committed            author=0xC39Ea604c89958E3def600c555c5680558592517 hash=a951ee..34392a number=478
INFO [06-01|07:21:00.969] Imported new chain segment               blocks=1 txs=0 mgas=0.000 elapsed=21.763ms    mgasps=0.000 number=478 hash=a951ee..34392a dirty=0.00B
INFO [06-01|07:21:00.981] Commit new mining work                   number=479 sealhash=d9434f..eb15d5 uncles=0 txs=0 gas=0 fees=0 elapsed=11.235ms
WARN [06-01|07:21:01.054] full p2p peer                            id=6bd585d29649d4372fb61bd5f3bb00b9413bee260dcc04178a4045aac3c692b0 ethPeer="Peer 6bd585d29649d437 127.0.0.1:54740"
WARN [06-01|07:21:02.421] full p2p peer                            id=b0325913b389d0aed3a90863a5d2a45b2dab9e81e33cebe5462d73a236f5d1e5 ethPeer="Peer b0325913b389d0ae 127.0.0.1:43514"
INFO [06-01|07:21:05.085] BFT: block proposal committed            author=0xC39Ea604c89958E3def600c555c5680558592517 hash=18ea7e..942218 number=479
INFO [06-01|07:21:05.133] Imported new chain segment               blocks=1 txs=0 mgas=0.000 elapsed=19.919ms    mgasps=0.000 number=479 hash=18ea7e..942218 dirty=0.00B
INFO [06-01|07:21:05.149] Commit new mining work                   number=480 sealhash=1cfdb0..1a3993 uncles=0 txs=0 gas=0 fees=0 elapsed=9.877ms
INFO [06-01|07:21:05.647] Got interrupt, shutting down... 
INFO [06-01|07:21:05.648] HTTP server stopped                      endpoint=127.0.0.1:22000
INFO [06-01|07:21:05.648] IPC endpoint closed                      url=/home/osboxes/ITB/PA3/scriptSetupV2/blockChain/Node0/data/geth.ipc
INFO [06-01|07:21:05.648] Stopping all plugins                     count=0
INFO [06-01|07:21:05.648] All plugins stopped                      errors=[]
INFO [06-01|07:21:05.674] Ethereum protocol stopped 
INFO [06-01|07:21:05.674] Transaction pool stopped 
INFO [06-01|07:21:05.674] BFT: deactivate 
INFO [06-01|07:21:05.674] Writing cached state to disk             block=479 hash=18ea7e..942218 root=2200d4..828fd6
INFO [06-01|07:21:05.674] Persisted trie from memory database      nodes=0 size=0.00B time="2.366µs" gcnodes=0 gcsize=0.00B gctime=0s livenodes=1 livesize=0.00B
INFO [06-01|07:21:05.674] Writing cached state to disk             block=478 hash=a951ee..34392a root=2200d4..828fd6
INFO [06-01|07:21:05.674] Persisted trie from memory database      nodes=0 size=0.00B time="1.012µs" gcnodes=0 gcsize=0.00B gctime=0s livenodes=1 livesize=0.00B
INFO [06-01|07:21:05.674] Writing cached state to disk             block=352 hash=d373d9..2edf1f root=2200d4..828fd6
INFO [06-01|07:21:05.674] Persisted trie from memory database      nodes=0 size=0.00B time="1.182µs" gcnodes=0 gcsize=0.00B gctime=0s livenodes=1 livesize=0.00B
INFO [06-01|07:21:05.674] Writing snapshot state to disk           root=2200d4..828fd6
INFO [06-01|07:21:05.674] Persisted trie from memory database      nodes=0 size=0.00B time="1.184µs" gcnodes=0 gcsize=0.00B gctime=0s livenodes=1 livesize=0.00B
INFO [06-01|07:21:05.674] Writing clean trie cache to disk         path=/home/osboxes/ITB/PA3/scriptSetupV2/blockChain/Node0/data/geth/triecache threads=1
INFO [06-01|07:21:05.690] Persisted the clean trie cache           path=/home/osboxes/ITB/PA3/scriptSetupV2/blockChain/Node0/data/geth/triecache elapsed=15.159ms
INFO [06-01|07:21:05.690] Blockchain stopped 
