INFO [06-01|07:20:59.272] Running with private transaction manager disabled - quorum private transactions will not be supported 
INFO [06-01|07:20:59.313] Maximum peer count                       ETH=50 LES=0 total=50
INFO [06-01|07:20:59.324] Smartcard socket not found, disabling    err="stat /run/pcscd/pcscd.comm: no such file or directory"
WARN [06-01|07:20:59.347] Using deprecated resource file /home/osboxes/ITB/PA3/scriptSetupV2/blockChain/Node4/data/nodekey, please move this file to the 'geth' subdirectory of datadir. 
WARN [06-01|07:20:59.349] Found deprecated node list file /home/osboxes/ITB/PA3/scriptSetupV2/blockChain/Node4/data/static-nodes.json, please use the TOML config file instead. 
WARN [06-01|07:20:59.353] Sanitizing cache to Go's GC limits       provided=1024 updated=656
WARN [06-01|07:20:59.353] WARNING: The flag --istanbul.blockperiod is deprecated and will be removed in the future, please use ibft.blockperiodseconds on genesis file 
INFO [06-01|07:20:59.353] Enabling recording of key preimages since archive mode is used 
INFO [06-01|07:20:59.353] Set global gas cap                       cap=25,000,000
INFO [06-01|07:20:59.353] Running with private transaction manager disabled - quorum private transactions will not be supported 
INFO [06-01|07:20:59.353] Allocated trie memory caches             clean=98.00MiB dirty=164.00MiB
INFO [06-01|07:20:59.353] Allocated cache and file handles         database=/home/osboxes/ITB/PA3/scriptSetupV2/blockChain/Node4/data/geth/chaindata cache=328.00MiB handles=524,288
INFO [06-01|07:20:59.452] Opened ancient database                  database=/home/osboxes/ITB/PA3/scriptSetupV2/blockChain/Node4/data/geth/chaindata/ancient readonly=false
INFO [06-01|07:20:59.475] Initialised chain configuration          config="{ChainID: 10 Homestead: 0 DAO: <nil> DAOSupport: false EIP150: 0 EIP155: 0 EIP158: 0 Byzantium: 0 IsQuorum: true Constantinople: 0 TransactionSizeLimit: 64 MaxCodeSize: 0 Petersburg: 0 Istanbul: 0, Muir Glacier: <nil>, Berlin: <nil>  Catalyst: <nil> YOLO v3: <nil> PrivacyEnhancements: <nil> PrivacyPrecompile: <nil> EnableGasPriceBlock: <nil> Engine: istanbul}"
WARN [06-01|07:20:59.480] WARNING: The attribute config.istanbul is deprecated and will be removed in the future, please use config.ibft on genesis file 
INFO [06-01|07:20:59.480] Initialising Ethereum protocol           network=10 dbversion=8
INFO [06-01|07:20:59.480] Initialising Quorum consensus protocol   name=istanbul versions="[100 99 64]" network=10 dbversion=8
INFO [06-01|07:20:59.492] Using SegregatedCacheProvider. 
INFO [06-01|07:20:59.502] Loaded most recent local header          number=477 hash=9b6579..ddb5dc td=478 age=12m38s
INFO [06-01|07:20:59.502] Loaded most recent local full block      number=477 hash=9b6579..ddb5dc td=478 age=12m38s
INFO [06-01|07:20:59.502] Loaded most recent local fast block      number=477 hash=9b6579..ddb5dc td=478 age=12m38s
INFO [06-01|07:21:00.901] Loaded local transaction journal         transactions=0 dropped=0
INFO [06-01|07:21:00.902] Regenerated local transaction journal    transactions=0 accounts=0
WARN [06-01|07:21:00.919] Unclean shutdown detected                booted=2026-06-01T06:27:12-0400 age=53m48s
WARN [06-01|07:21:00.919] permission-config.json file is missing. Smart-contract-based permission service will be disabled error="stat data/permission-config.json: no such file or directory"
INFO [06-01|07:21:00.919] No plugins to initialise 
INFO [06-01|07:21:00.919] Starting peer-to-peer node               instance=Geth/v1.10.3-stable(quorum-v24.4.1)/linux-amd64/go1.22.2
INFO [06-01|07:21:01.015] IPC endpoint opened                      url=/home/osboxes/ITB/PA3/scriptSetupV2/blockChain/Node4/data/geth.ipc isMultitenant=false
INFO [06-01|07:21:01.015] Security Plugin is not enabled 
INFO [06-01|07:21:01.022] New local node record                    seq=7 id=6bd585d29649d437 ip=127.0.0.1 udp=0 tcp=33004
INFO [06-01|07:21:01.022] Started P2P networking                   self="enode://0b37ef5701fa7ee6497dd387654786b9a0eb3954144412ac3ed8abd4faf56ab4b185c48d79b92d03900f40349a13e45491f20f03cf813ea1bffab0f9281a660a@127.0.0.1:33004?discport=0"
INFO [06-01|07:21:01.025] Security: TLS not enabled                endpoint=127.0.0.1:22004 reason="no TLSConfigurationSource found"
INFO [06-01|07:21:01.026] HTTP server started                      endpoint=127.0.0.1:22004 prefix= cors= vhosts=localhost isTls=false
INFO [06-01|07:21:01.026] Transaction pool price threshold not updated as gasPrice is not enabled 
INFO [06-01|07:21:01.026] Transaction pool price threshold not updated as gasPrice is not enabled 
INFO [06-01|07:21:01.026] start IBFT 
INFO [06-01|07:21:01.026] BFT: activate IBFT 
INFO [06-01|07:21:01.037] Commit new mining work                   number=478 sealhash=e6a371..450ae0 uncles=0 txs=0 gas=0 fees=0 elapsed="162.252µs"
WARN [06-01|07:21:01.058] full p2p peer                            id=3656f454b74e16b0bb4bd881be482921f1d0fad58a901f93e3c3c0255a1995fd ethPeer="Peer 3656f454b74e16b0 127.0.0.1:33001"
WARN [06-01|07:21:01.060] full p2p peer                            id=29468f3c50f56749ac2576dbc9d2a1fefb4ccf5b14e656e545f508bc3ac6e507 ethPeer="Peer 29468f3c50f56749 127.0.0.1:33002"
WARN [06-01|07:21:01.060] full p2p peer                            id=1d7a2ac87acf86282c07bd9ec39ea604c89958e3def600c555c5680558592517 ethPeer="Peer 1d7a2ac87acf8628 127.0.0.1:33000"
WARN [06-01|07:21:01.068] full p2p peer                            id=fb88ca2cab9a3a38c887c3fd1541824baa353f55d5bd91c86622f7b7d97af64c ethPeer="Peer fb88ca2cab9a3a38 127.0.0.1:33003"
WARN [06-01|07:21:02.420] full p2p peer                            id=b0325913b389d0aed3a90863a5d2a45b2dab9e81e33cebe5462d73a236f5d1e5 ethPeer="Peer b0325913b389d0ae 127.0.0.1:47424"
INFO [06-01|07:21:02.420] Block synchronisation started 
INFO [06-01|07:21:02.420] BFT: deactivate 
INFO [06-01|07:21:02.420] Mining aborted due to sync 
INFO [06-01|07:21:02.436] Downloader queue stats                   receiptTasks=0 blockTasks=0 itemSize=102.50B throttle=8192
INFO [06-01|07:21:02.457] Imported new chain segment               blocks=1 txs=0 mgas=0.000 elapsed=16.987ms    mgasps=0.000 number=478 hash=a951ee..34392a dirty=0.00B
INFO [06-01|07:21:02.466] start IBFT 
INFO [06-01|07:21:02.466] BFT: activate IBFT 
INFO [06-01|07:21:02.478] Commit new mining work                   number=479 sealhash=d9434f..eb15d5 uncles=0 txs=0 gas=0 fees=0 elapsed=4.231ms
INFO [06-01|07:21:05.084] BFT: block proposal committed            author=0xF3BB00b9413bEe260dcc04178a4045AaC3c692b0 hash=18ea7e..942218 number=479
INFO [06-01|07:21:05.143] Imported new chain segment               blocks=1 txs=0 mgas=0.000 elapsed=22.360ms    mgasps=0.000 number=479 hash=18ea7e..942218 dirty=0.00B
INFO [06-01|07:21:05.153] Commit new mining work                   number=480 sealhash=1cfdb0..1a3993 uncles=0 txs=0 gas=0 fees=0 elapsed=9.319ms
INFO [06-01|07:21:05.660] Got interrupt, shutting down... 
INFO [06-01|07:21:05.660] HTTP server stopped                      endpoint=127.0.0.1:22004
INFO [06-01|07:21:05.660] IPC endpoint closed                      url=/home/osboxes/ITB/PA3/scriptSetupV2/blockChain/Node4/data/geth.ipc
INFO [06-01|07:21:05.660] Stopping all plugins                     count=0
INFO [06-01|07:21:05.660] All plugins stopped                      errors=[]
INFO [06-01|07:21:05.666] Ethereum protocol stopped 
INFO [06-01|07:21:05.666] Transaction pool stopped 
INFO [06-01|07:21:05.666] BFT: deactivate 
INFO [06-01|07:21:05.666] Writing cached state to disk             block=479 hash=18ea7e..942218 root=2200d4..828fd6
INFO [06-01|07:21:05.666] Persisted trie from memory database      nodes=0 size=0.00B time="2.759µs" gcnodes=0 gcsize=0.00B gctime=0s livenodes=1 livesize=0.00B
INFO [06-01|07:21:05.667] Writing cached state to disk             block=478 hash=a951ee..34392a root=2200d4..828fd6
INFO [06-01|07:21:05.667] Persisted trie from memory database      nodes=0 size=0.00B time=993ns     gcnodes=0 gcsize=0.00B gctime=0s livenodes=1 livesize=0.00B
INFO [06-01|07:21:05.667] Writing cached state to disk             block=352 hash=d373d9..2edf1f root=2200d4..828fd6
INFO [06-01|07:21:05.667] Persisted trie from memory database      nodes=0 size=0.00B time="1.314µs" gcnodes=0 gcsize=0.00B gctime=0s livenodes=1 livesize=0.00B
INFO [06-01|07:21:05.667] Writing snapshot state to disk           root=2200d4..828fd6
INFO [06-01|07:21:05.667] Persisted trie from memory database      nodes=0 size=0.00B time=846ns     gcnodes=0 gcsize=0.00B gctime=0s livenodes=1 livesize=0.00B
INFO [06-01|07:21:05.667] Writing clean trie cache to disk         path=/home/osboxes/ITB/PA3/scriptSetupV2/blockChain/Node4/data/geth/triecache threads=1
INFO [06-01|07:21:05.691] Persisted the clean trie cache           path=/home/osboxes/ITB/PA3/scriptSetupV2/blockChain/Node4/data/geth/triecache elapsed=24.572ms
INFO [06-01|07:21:05.691] Blockchain stopped 
